<?xml version="1.0" encoding="UTF-8"?>
<!-- Generated by org.testng.reporters.JUnitReportReporter -->
<testsuite hostname="SuniJack" name="com.reviewrev.april.createProjectTest" tests="1" failures="0" timestamp="20 May 2019 12:30:20 GMT" time="25.188" errors="0">
  <testcase name="creatProjectFromExcel" time="25.188" classname="com.reviewrev.april.createProjectTest"/>
</testsuite> <!-- com.reviewrev.april.createProjectTest -->
