<?xml version="1.0" encoding="UTF-8"?>
<!-- Generated by org.testng.reporters.JUnitReportReporter -->
<testsuite hostname="CML003" name="com.reviewrev.april.createProjectTest" tests="1" failures="0" timestamp="16 May 2019 07:01:36 GMT" time="18.020" errors="0">
  <testcase name="creatProjectTest" time="18.020" classname="com.reviewrev.april.createProjectTest"/>
</testsuite> <!-- com.reviewrev.april.createProjectTest -->
