<?xml version="1.0" encoding="UTF-8"?>
<!-- Generated by org.testng.reporters.JUnitReportReporter -->
<testsuite hostname="SuniJack" name="com.reviewrev.april.loginPageTest" tests="2" failures="0" timestamp="7 Apr 2019 17:12:26 GMT" time="69.992" errors="0">
  <testcase name="creatProjectTest" time="46.487" classname="com.reviewrev.april.loginPageTest"/>
  <testcase name="loginTest" time="23.505" classname="com.reviewrev.april.loginPageTest"/>
</testsuite> <!-- com.reviewrev.april.loginPageTest -->
