<?xml version="1.0" encoding="UTF-8"?>
<!-- Generated by org.testng.reporters.JUnitReportReporter -->
<testsuite hostname="SuniJack" name="com.reviewrev.april.connectSocialAccountTest" tests="1" failures="0" timestamp="13 Apr 2019 05:19:17 GMT" time="1.195" errors="0">
  <testcase name="testDB" time="1.195" classname="com.reviewrev.april.connectSocialAccountTest"/>
</testsuite> <!-- com.reviewrev.april.connectSocialAccountTest -->
