<?xml version="1.0" encoding="UTF-8"?>
<!-- Generated by org.testng.reporters.JUnitReportReporter -->
<testsuite hostname="CML003" name="com.reviewrev.april.createProjectTest" tests="1" failures="0" timestamp="20 May 2019 07:02:33 GMT" time="40.812" errors="0">
  <testcase name="creatProjectFromExcel" time="40.812" classname="com.reviewrev.april.createProjectTest"/>
</testsuite> <!-- com.reviewrev.april.createProjectTest -->
