<?xml version="1.0" encoding="UTF-8"?>
<!-- Generated by org.testng.reporters.JUnitReportReporter -->
<testsuite hostname="CML003" name="com.reviewrev.april.connectSocialAccountTest" tests="1" failures="0" timestamp="12 Apr 2019 08:52:26 GMT" time="74.201" errors="0">
  <testcase name="verifySocialAccountConnect" time="74.201" classname="com.reviewrev.april.connectSocialAccountTest"/>
</testsuite> <!-- com.reviewrev.april.connectSocialAccountTest -->
